0 info it worked if it ends with ok
1 verbose cli [ '/usr/local/bin/node',
1 verbose cli   '/usr/local/bin/npm',
1 verbose cli   'install',
1 verbose cli   '--save',
1 verbose cli   'https://github.com/DCapella/node-express-practice' ]
2 info using npm@4.1.2
3 info using node@v7.5.0
4 silly loadCurrentTree Starting
5 silly install loadCurrentTree
6 silly install readLocalPackageData
7 silly fetchPackageMetaData https://github.com/DCapella/node-express-practice
8 silly fetchOtherPackageData https://github.com/DCapella/node-express-practice
9 silly cache add args [ 'https://github.com/DCapella/node-express-practice', null ]
10 verbose cache add spec https://github.com/DCapella/node-express-practice
11 silly cache add parsed spec Result {
11 silly cache add   raw: 'https://github.com/DCapella/node-express-practice',
11 silly cache add   scope: null,
11 silly cache add   escapedName: null,
11 silly cache add   name: null,
11 silly cache add   rawSpec: 'https://github.com/DCapella/node-express-practice',
11 silly cache add   spec: 'git+https://github.com/DCapella/node-express-practice.git',
11 silly cache add   type: 'hosted',
11 silly cache add   hosted:
11 silly cache add    { type: 'github',
11 silly cache add      ssh: 'git@github.com:DCapella/node-express-practice.git',
11 silly cache add      sshUrl: 'git+ssh://git@github.com/DCapella/node-express-practice.git',
11 silly cache add      httpsUrl: 'git+https://github.com/DCapella/node-express-practice.git',
11 silly cache add      gitUrl: 'git://github.com/DCapella/node-express-practice.git',
11 silly cache add      shortcut: 'github:DCapella/node-express-practice',
11 silly cache add      directUrl: 'https://raw.githubusercontent.com/DCapella/node-express-practice/master/package.json' } }
12 verbose addRemoteGit caching https://github.com/DCapella/node-express-practice
13 verbose addRemoteGit git+https://github.com/DCapella/node-express-practice.git is a repository hosted by github
14 silly tryClone cloning git+https://github.com/DCapella/node-express-practice.git via git+https://github.com/DCapella/node-express-practice.git
15 verbose tryClone git-https-github-com-DCapella-node-express-practice-git-40bd0af0 not in flight; caching
16 verbose correctMkdir /Users/davidcapella/.npm/_git-remotes correctMkdir not in flight; initializing
17 info git [ 'config', '--get', 'remote.origin.url' ]
18 silly validateExistingRemote git+https://github.com/DCapella/node-express-practice.git remote.origin.url: https://github.com/DCapella/node-express-practice.git
19 verbose validateExistingRemote git+https://github.com/DCapella/node-express-practice.git is updating existing cached remote /Users/davidcapella/.npm/_git-remotes/git-https-github-com-DCapella-node-express-practice-git-40bd0af0
20 info git [ 'fetch', '-a', 'origin' ]
21 verbose updateRemote git fetch -a origin (https://github.com/DCapella/node-express-practice.git)
22 verbose correctMkdir /Users/davidcapella/.npm/_git-remotes correctMkdir not in flight; initializing
23 verbose setPermissions git+https://github.com/DCapella/node-express-practice.git set permissions on /Users/davidcapella/.npm/_git-remotes/git-https-github-com-DCapella-node-express-practice-git-40bd0af0
24 verbose resolveHead git+https://github.com/DCapella/node-express-practice.git original treeish: master
25 info git [ 'rev-list', '-n1', 'master' ]
26 silly resolveHead git+https://github.com/DCapella/node-express-practice.git resolved treeish: 9257fd58cdd9a44b35c13c1b8f6aab27f56de3cf
27 verbose resolveHead git+https://github.com/DCapella/node-express-practice.git resolved Git URL: git+https://github.com/DCapella/node-express-practice.git#9257fd58cdd9a44b35c13c1b8f6aab27f56de3cf
28 silly resolveHead Git working directory: /var/folders/fj/pt8g0rmn43d8k8thz2c3z7p00000gn/T/npm-31217-81a1da6e/git-cache-ba37e41d/9257fd58cdd9a44b35c13c1b8f6aab27f56de3cf
29 info git [ 'clone',
29 info git   '/Users/davidcapella/.npm/_git-remotes/git-https-github-com-DCapella-node-express-practice-git-40bd0af0',
29 info git   '/var/folders/fj/pt8g0rmn43d8k8thz2c3z7p00000gn/T/npm-31217-81a1da6e/git-cache-ba37e41d/9257fd58cdd9a44b35c13c1b8f6aab27f56de3cf' ]
30 verbose cloneResolved git+https://github.com/DCapella/node-express-practice.git clone Cloning into '/var/folders/fj/pt8g0rmn43d8k8thz2c3z7p00000gn/T/npm-31217-81a1da6e/git-cache-ba37e41d/9257fd58cdd9a44b35c13c1b8f6aab27f56de3cf'...
30 verbose cloneResolved done.
31 info git [ 'checkout', '9257fd58cdd9a44b35c13c1b8f6aab27f56de3cf' ]
32 verbose checkoutTreeish git+https://github.com/DCapella/node-express-practice.git checkout Note: checking out '9257fd58cdd9a44b35c13c1b8f6aab27f56de3cf'.
32 verbose checkoutTreeish
32 verbose checkoutTreeish You are in 'detached HEAD' state. You can look around, make experimental
32 verbose checkoutTreeish changes and commit them, and you can discard any commits you make in this
32 verbose checkoutTreeish state without impacting any branches by performing another checkout.
32 verbose checkoutTreeish
32 verbose checkoutTreeish If you want to create a new branch to retain commits you create, you may
32 verbose checkoutTreeish do so (now or later) by using -b with the checkout command again. Example:
32 verbose checkoutTreeish
32 verbose checkoutTreeish   git checkout -b <new-branch-name>
32 verbose checkoutTreeish
32 verbose checkoutTreeish HEAD is now at 9257fd5... Initial commit
33 info git [ 'submodule', '-q', 'update', '--init', '--recursive' ]
34 verbose updateSubmodules git+https://github.com/DCapella/node-express-practice.git submodule update
35 error addLocal Could not install /var/folders/fj/pt8g0rmn43d8k8thz2c3z7p00000gn/T/npm-31217-81a1da6e/git-cache-ba37e41d/9257fd58cdd9a44b35c13c1b8f6aab27f56de3cf
36 silly fetchPackageMetaData Error: EISDIR: illegal operation on a directory, read
36 silly fetchPackageMetaData  error for https://github.com/DCapella/node-express-practice { Error: EISDIR: illegal operation on a directory, read errno: -21, code: 'EISDIR', syscall: 'read' }
37 silly rollbackFailedOptional Starting
38 silly rollbackFailedOptional Finishing
39 silly runTopLevelLifecycles Finishing
40 silly install printInstalled
41 verbose stack Error: EISDIR: illegal operation on a directory, read
42 verbose cwd /Users/davidcapella/Coding/JavaScript/practice-node/node-express
43 error Darwin 17.4.0
44 error argv "/usr/local/bin/node" "/usr/local/bin/npm" "install" "--save" "https://github.com/DCapella/node-express-practice"
45 error node v7.5.0
46 error npm  v4.1.2
47 error code EISDIR
48 error errno -21
49 error syscall read
50 error eisdir EISDIR: illegal operation on a directory, read
51 error eisdir This is most likely not a problem with npm itself
51 error eisdir and is related to npm not being able to find a package.json in
51 error eisdir a package you are trying to install.
52 verbose exit [ -21, true ]
